[16:03:50] [main/INFO]: Logging in with username & password
[16:03:55] [Client thread/INFO]: Setting user: That_Martin_Guy
[16:04:01] [Client thread/INFO]: LWJGL Version: 2.9.4
[16:04:05] [Client thread/INFO]: Reloading ResourceManager: Default, FMLFileResourcePack:Forge Mod Loader, FMLFileResourcePack:Minecraft Forge, FMLFileResourcePack:The Darkness
[16:04:09] [Sound Library Loader/INFO]: Starting up SoundSystem...
[16:04:10] [Thread-8/INFO]: Initializing LWJGL OpenAL
[16:04:10] [Thread-8/INFO]: (The LWJGL binding of OpenAL.  For more information, see http://www.lwjgl.org)
[16:04:10] [Thread-8/INFO]: OpenAL initialized.
[16:04:11] [Sound Library Loader/INFO]: Sound engine started
[16:04:15] [Client thread/INFO]: Created: 16x16 textures-atlas
[16:04:15] [Client thread/INFO]: Reloading ResourceManager: Default, FMLFileResourcePack:Forge Mod Loader, FMLFileResourcePack:Minecraft Forge, FMLFileResourcePack:The Darkness
[16:04:19] [Client thread/INFO]: SoundSystem shutting down...
[16:04:19] [Client thread/WARN]: Author: Paul Lamb, www.paulscode.com
[16:04:19] [Sound Library Loader/INFO]: Starting up SoundSystem...
[16:04:19] [Thread-10/INFO]: Initializing LWJGL OpenAL
[16:04:19] [Thread-10/INFO]: (The LWJGL binding of OpenAL.  For more information, see http://www.lwjgl.org)
[16:04:19] [Thread-10/INFO]: OpenAL initialized.
[16:04:19] [Sound Library Loader/INFO]: Sound engine started
[16:04:23] [Client thread/INFO]: Created: 512x512 textures-atlas
[16:04:30] [Server thread/INFO]: Starting integrated minecraft server version 1.10.2
[16:04:30] [Server thread/INFO]: Generating keypair
[16:04:31] [Server thread/INFO]: Preparing start region for level 0
[16:04:31] [Server thread/INFO]: Changing view distance to 12, from 10
[16:04:34] [Server thread/INFO]: That_Martin_Guy[local:E:c239caea] logged in with entity id 0 at (246.8419885562101, 56.0, -578.6925795342984)
[16:04:34] [Server thread/INFO]: That_Martin_Guy joined the game
[16:04:35] [Server thread/INFO]: Saving and pausing game...
[16:04:35] [Server thread/INFO]: Saving chunks for level 'saves/Test World'/Overworld
[16:04:35] [Server thread/INFO]: Saving chunks for level 'saves/Test World'/Nether
[16:04:35] [Server thread/INFO]: Saving chunks for level 'saves/Test World'/The End
[16:04:35] [Server thread/INFO]: Saving and pausing game...
[16:04:35] [Server thread/INFO]: Saving chunks for level 'saves/Test World'/Overworld
[16:04:35] [Server thread/INFO]: Saving chunks for level 'saves/Test World'/Nether
[16:04:35] [Server thread/INFO]: Saving chunks for level 'saves/Test World'/The End
